# JRE version: OpenJDK Runtime Environment (8.0) (build 1.8.0-25-microsoft-b00)
# Java VM: OpenJDK 64-Bit Server VM (25.71-b00 mixed mode windows-amd64 compressed oops)
Heap:
 PSYoungGen      total 24064K, used 16725K [0x00000000d8580000, 0x00000000da780000, 0x0000000100000000)
  eden space 14336K, 71% used [0x00000000d8580000,0x00000000d8f7fed0,0x00000000d9380000)
  from space 9728K, 66% used [0x00000000d9d80000,0x00000000da3d55d0,0x00000000da700000)
  to   space 10240K, 0% used [0x00000000d9380000,0x00000000d9380000,0x00000000d9d80000)
 ParOldGen       total 47104K, used 29917K [0x0000000089000000, 0x000000008be00000, 0x00000000d8580000)
  object space 47104K, 63% used [0x0000000089000000,0x000000008ad37400,0x000000008be00000)
 Metaspace       used 9241K, capacity 9876K, committed 9984K, reserved 1058816K
  class space    used 966K, capacity 976K, committed 1024K, reserved 1048576K
GC Heap History (10 events):
Event: 1.777 GC heap before
{Heap before GC invocations=13 (full 3):
 PSYoungGen      total 16896K, used 14760K [0x00000000d8580000, 0x00000000d9e00000, 0x0000000100000000)
  eden space 13312K, 100% used [0x00000000d8580000,0x00000000d9280000,0x00000000d9280000)
  from space 3584K, 40% used [0x00000000d9800000,0x00000000d996a390,0x00000000d9b80000)
  to   space 5632K, 0% used [0x00000000d9280000,0x00000000d9280000,0x00000000d9800000)
 ParOldGen       total 26112K, used 15984K [0x0000000089000000, 0x000000008a980000, 0x00000000d8580000)
  object space 26112K, 61% used [0x0000000089000000,0x0000000089f9c060,0x000000008a980000)
 Metaspace       used 7846K, capacity 8660K, committed 8960K, reserved 1056768K
  class space    used 876K, capacity 912K, committed 1024K, reserved 1048576K
Event: 1.788 GC heap after
Heap after GC invocations=13 (full 3):
 PSYoungGen      total 18944K, used 5623K [0x00000000d8580000, 0x00000000da380000, 0x0000000100000000)
  eden space 13312K, 0% used [0x00000000d8580000,0x00000000d8580000,0x00000000d9280000)
  from space 5632K, 99% used [0x00000000d9280000,0x00000000d97fde78,0x00000000d9800000)
  to   space 7680K, 0% used [0x00000000d9c00000,0x00000000d9c00000,0x00000000da380000)
 ParOldGen       total 26112K, used 17846K [0x0000000089000000, 0x000000008a980000, 0x00000000d8580000)
  object space 26112K, 68% used [0x0000000089000000,0x000000008a16da48,0x000000008a980000)
 Metaspace       used 7846K, capacity 8660K, committed 8960K, reserved 1056768K
  class space    used 876K, capacity 912K, committed 1024K, reserved 1048576K
}
Event: 1.926 GC heap before
{Heap before GC invocations=14 (full 3):
 PSYoungGen      total 18944K, used 18935K [0x00000000d8580000, 0x00000000da380000, 0x0000000100000000)
  eden space 13312K, 100% used [0x00000000d8580000,0x00000000d9280000,0x00000000d9280000)
  from space 5632K, 99% used [0x00000000d9280000,0x00000000d97fde78,0x00000000d9800000)
  to   space 7680K, 0% used [0x00000000d9c00000,0x00000000d9c00000,0x00000000da380000)
 ParOldGen       total 26112K, used 17846K [0x0000000089000000, 0x000000008a980000, 0x00000000d8580000)
  object space 26112K, 68% used [0x0000000089000000,0x000000008a16da48,0x000000008a980000)
 Metaspace       used 7944K, capacity 8788K, committed 8960K, reserved 1056768K
  class space    used 878K, capacity 912K, committed 1024K, reserved 1048576K
Event: 1.939 GC heap after
Heap after GC invocations=14 (full 3):
 PSYoungGen      total 20480K, used 7663K [0x00000000d8580000, 0x00000000da880000, 0x0000000100000000)
  eden space 12800K, 0% used [0x00000000d8580000,0x00000000d8580000,0x00000000d9200000)
  from space 7680K, 99% used [0x00000000d9c00000,0x00000000da37bc10,0x00000000da380000)
  to   space 10240K, 0% used [0x00000000d9200000,0x00000000d9200000,0x00000000d9c00000)
 ParOldGen       total 26112K, used 21341K [0x0000000089000000, 0x000000008a980000, 0x00000000d8580000)
  object space 26112K, 81% used [0x0000000089000000,0x000000008a4d7678,0x000000008a980000)
 Metaspace       used 7944K, capacity 8788K, committed 8960K, reserved 1056768K
  class space    used 878K, capacity 912K, committed 1024K, reserved 1048576K
}
Event: 2.207 GC heap before
{Heap before GC invocations=15 (full 3):
 PSYoungGen      total 20480K, used 19798K [0x00000000d8580000, 0x00000000da880000, 0x0000000100000000)
  eden space 12800K, 94% used [0x00000000d8580000,0x00000000d9159e30,0x00000000d9200000)
  from space 7680K, 99% used [0x00000000d9c00000,0x00000000da37bc10,0x00000000da380000)
  to   space 10240K, 0% used [0x00000000d9200000,0x00000000d9200000,0x00000000d9c00000)
 ParOldGen       total 26112K, used 21341K [0x0000000089000000, 0x000000008a980000, 0x00000000d8580000)
  object space 26112K, 81% used [0x0000000089000000,0x000000008a4d7678,0x000000008a980000)
 Metaspace       used 8062K, capacity 8852K, committed 9216K, reserved 1056768K
  class space    used 878K, capacity 912K, committed 1024K, reserved 1048576K
Event: 2.226 GC heap after
Heap after GC invocations=15 (full 3):
 PSYoungGen      total 23040K, used 4662K [0x00000000d8580000, 0x00000000da700000, 0x0000000100000000)
  eden space 12800K, 0% used [0x00000000d8580000,0x00000000d8580000,0x00000000d9200000)
  from space 10240K, 45% used [0x00000000d9200000,0x00000000d968da80,0x00000000d9c00000)
  to   space 9728K, 0% used [0x00000000d9d80000,0x00000000d9d80000,0x00000000da700000)
 ParOldGen       total 30208K, used 29053K [0x0000000089000000, 0x000000008ad80000, 0x00000000d8580000)
  object space 30208K, 96% used [0x0000000089000000,0x000000008ac5f7a8,0x000000008ad80000)
 Metaspace       used 8062K, capacity 8852K, committed 9216K, reserved 1056768K
  class space    used 878K, capacity 912K, committed 1024K, reserved 1048576K
}
Event: 2.226 GC heap before
{Heap before GC invocations=16 (full 4):
 PSYoungGen      total 23040K, used 4662K [0x00000000d8580000, 0x00000000da700000, 0x0000000100000000)
  eden space 12800K, 0% used [0x00000000d8580000,0x00000000d8580000,0x00000000d9200000)
  from space 10240K, 45% used [0x00000000d9200000,0x00000000d968da80,0x00000000d9c00000)
  to   space 9728K, 0% used [0x00000000d9d80000,0x00000000d9d80000,0x00000000da700000)
 ParOldGen       total 30208K, used 29053K [0x0000000089000000, 0x000000008ad80000, 0x00000000d8580000)
  object space 30208K, 96% used [0x0000000089000000,0x000000008ac5f7a8,0x000000008ad80000)
 Metaspace       used 8062K, capacity 8852K, committed 9216K, reserved 1056768K
  class space    used 878K, capacity 912K, committed 1024K, reserved 1048576K
Event: 2.607 GC heap after
Heap after GC invocations=16 (full 4):
 PSYoungGen      total 23040K, used 2964K [0x00000000d8580000, 0x00000000da700000, 0x0000000100000000)
  eden space 12800K, 0% used [0x00000000d8580000,0x00000000d8580000,0x00000000d9200000)
  from space 10240K, 28% used [0x00000000d9200000,0x00000000d94e5150,0x00000000d9c00000)
  to   space 9728K, 0% used [0x00000000d9d80000,0x00000000d9d80000,0x00000000da700000)
 ParOldGen       total 47104K, used 29909K [0x0000000089000000, 0x000000008be00000, 0x00000000d8580000)
  object space 47104K, 63% used [0x0000000089000000,0x000000008ad35400,0x000000008be00000)
 Metaspace       used 8062K, capacity 8852K, committed 9216K, reserved 1056768K
  class space    used 878K, capacity 912K, committed 1024K, reserved 1048576K
}
Event: 2.814 GC heap before
{Heap before GC invocations=17 (full 4):
 PSYoungGen      total 23040K, used 15764K [0x00000000d8580000, 0x00000000da700000, 0x0000000100000000)
  eden space 12800K, 100% used [0x00000000d8580000,0x00000000d9200000,0x00000000d9200000)
  from space 10240K, 28% used [0x00000000d9200000,0x00000000d94e5150,0x00000000d9c00000)
  to   space 9728K, 0% used [0x00000000d9d80000,0x00000000d9d80000,0x00000000da700000)
 ParOldGen       total 47104K, used 29909K [0x0000000089000000, 0x000000008be00000, 0x00000000d8580000)
  object space 47104K, 63% used [0x0000000089000000,0x000000008ad35400,0x000000008be00000)
 Metaspace       used 8495K, capacity 9204K, committed 9472K, reserved 1058816K
  class space    used 918K, capacity 944K, committed 1024K, reserved 1048576K
Event: 2.824 GC heap after
Heap after GC invocations=17 (full 4):
 PSYoungGen      total 24064K, used 6485K [0x00000000d8580000, 0x00000000da780000, 0x0000000100000000)
  eden space 14336K, 0% used [0x00000000d8580000,0x00000000d8580000,0x00000000d9380000)
  from space 9728K, 66% used [0x00000000d9d80000,0x00000000da3d55d0,0x00000000da700000)
  to   space 10240K, 0% used [0x00000000d9380000,0x00000000d9380000,0x00000000d9d80000)
 ParOldGen       total 47104K, used 29917K [0x0000000089000000, 0x000000008be00000, 0x00000000d8580000)
  object space 47104K, 63% used [0x0000000089000000,0x000000008ad37400,0x000000008be00000)
 Metaspace       used 8495K, capacity 9204K, committed 9472K, reserved 1058816K
  class space    used 918K, capacity 944K, committed 1024K, reserved 1048576K
}

