# JRE version: OpenJDK Runtime Environment (8.0) (build 1.8.0-25-microsoft-b00)
# Java VM: OpenJDK 64-Bit Server VM (25.71-b00 mixed mode windows-amd64 compressed oops)
Heap:
 PSYoungGen      total 19968K, used 16896K [0x00000000d8580000, 0x00000000da200000, 0x0000000100000000)
  eden space 16896K, 100% used [0x00000000d8580000,0x00000000d9600000,0x00000000d9600000)
  from space 3072K, 0% used [0x00000000d9c00000,0x00000000d9c00000,0x00000000d9f00000)
  to   space 2560K, 0% used [0x00000000d9f80000,0x00000000d9f80000,0x00000000da200000)
 ParOldGen       total 18432K, used 18057K [0x0000000089000000, 0x000000008a200000, 0x00000000d8580000)
  object space 18432K, 97% used [0x0000000089000000,0x000000008a1a2650,0x000000008a200000)
 Metaspace       used 9633K, capacity 10196K, committed 10496K, reserved 1058816K
  class space    used 967K, capacity 976K, committed 1024K, reserved 1048576K
GC Heap History (10 events):
Event: 10.571 GC heap after
Heap after GC invocations=76 (full 67):
 PSYoungGen      total 19968K, used 14465K [0x00000000d8580000, 0x00000000da200000, 0x0000000100000000)
  eden space 16896K, 85% used [0x00000000d8580000,0x00000000d93a04a0,0x00000000d9600000)
  from space 3072K, 0% used [0x00000000d9c00000,0x00000000d9c00000,0x00000000d9f00000)
  to   space 2560K, 0% used [0x00000000d9f80000,0x00000000d9f80000,0x00000000da200000)
 ParOldGen       total 18432K, used 17924K [0x0000000089000000, 0x000000008a200000, 0x00000000d8580000)
  object space 18432K, 97% used [0x0000000089000000,0x000000008a1811e0,0x000000008a200000)
 Metaspace       used 9172K, capacity 9812K, committed 9984K, reserved 1058816K
  class space    used 966K, capacity 976K, committed 1024K, reserved 1048576K
}
Event: 10.645 GC heap before
{Heap before GC invocations=77 (full 68):
 PSYoungGen      total 19968K, used 16896K [0x00000000d8580000, 0x00000000da200000, 0x0000000100000000)
  eden space 16896K, 100% used [0x00000000d8580000,0x00000000d9600000,0x00000000d9600000)
  from space 3072K, 0% used [0x00000000d9c00000,0x00000000d9c00000,0x00000000d9f00000)
  to   space 2560K, 0% used [0x00000000d9f80000,0x00000000d9f80000,0x00000000da200000)
 ParOldGen       total 18432K, used 17924K [0x0000000089000000, 0x000000008a200000, 0x00000000d8580000)
  object space 18432K, 97% used [0x0000000089000000,0x000000008a1811e0,0x000000008a200000)
 Metaspace       used 9220K, capacity 9876K, committed 9984K, reserved 1058816K
  class space    used 966K, capacity 976K, committed 1024K, reserved 1048576K
Event: 10.775 GC heap after
Heap after GC invocations=77 (full 68):
 PSYoungGen      total 19968K, used 12315K [0x00000000d8580000, 0x00000000da200000, 0x0000000100000000)
  eden space 16896K, 72% used [0x00000000d8580000,0x00000000d9186e20,0x00000000d9600000)
  from space 3072K, 0% used [0x00000000d9c00000,0x00000000d9c00000,0x00000000d9f00000)
  to   space 2560K, 0% used [0x00000000d9f80000,0x00000000d9f80000,0x00000000da200000)
 ParOldGen       total 18432K, used 18157K [0x0000000089000000, 0x000000008a200000, 0x00000000d8580000)
  object space 18432K, 98% used [0x0000000089000000,0x000000008a1bb718,0x000000008a200000)
 Metaspace       used 9220K, capacity 9876K, committed 9984K, reserved 1058816K
  class space    used 966K, capacity 976K, committed 1024K, reserved 1048576K
}
Event: 10.953 GC heap before
{Heap before GC invocations=78 (full 69):
 PSYoungGen      total 19968K, used 16896K [0x00000000d8580000, 0x00000000da200000, 0x0000000100000000)
  eden space 16896K, 100% used [0x00000000d8580000,0x00000000d9600000,0x00000000d9600000)
  from space 3072K, 0% used [0x00000000d9c00000,0x00000000d9c00000,0x00000000d9f00000)
  to   space 2560K, 0% used [0x00000000d9f80000,0x00000000d9f80000,0x00000000da200000)
 ParOldGen       total 18432K, used 18157K [0x0000000089000000, 0x000000008a200000, 0x00000000d8580000)
  object space 18432K, 98% used [0x0000000089000000,0x000000008a1bb718,0x000000008a200000)
 Metaspace       used 9259K, capacity 9876K, committed 9984K, reserved 1058816K
  class space    used 966K, capacity 976K, committed 1024K, reserved 1048576K
Event: 11.048 GC heap after
Heap after GC invocations=78 (full 69):
 PSYoungGen      total 19968K, used 9096K [0x00000000d8580000, 0x00000000da200000, 0x0000000100000000)
  eden space 16896K, 53% used [0x00000000d8580000,0x00000000d8e62230,0x00000000d9600000)
  from space 3072K, 0% used [0x00000000d9c00000,0x00000000d9c00000,0x00000000d9f00000)
  to   space 2560K, 0% used [0x00000000d9f80000,0x00000000d9f80000,0x00000000da200000)
 ParOldGen       total 18432K, used 18382K [0x0000000089000000, 0x000000008a200000, 0x00000000d8580000)
  object space 18432K, 99% used [0x0000000089000000,0x000000008a1f3a48,0x000000008a200000)
 Metaspace       used 9259K, capacity 9876K, committed 9984K, reserved 1058816K
  class space    used 966K, capacity 976K, committed 1024K, reserved 1048576K
}
Event: 11.332 GC heap before
{Heap before GC invocations=79 (full 70):
 PSYoungGen      total 19968K, used 16896K [0x00000000d8580000, 0x00000000da200000, 0x0000000100000000)
  eden space 16896K, 100% used [0x00000000d8580000,0x00000000d9600000,0x00000000d9600000)
  from space 3072K, 0% used [0x00000000d9c00000,0x00000000d9c00000,0x00000000d9f00000)
  to   space 2560K, 0% used [0x00000000d9f80000,0x00000000d9f80000,0x00000000da200000)
 ParOldGen       total 18432K, used 18382K [0x0000000089000000, 0x000000008a200000, 0x00000000d8580000)
  object space 18432K, 99% used [0x0000000089000000,0x000000008a1f3a48,0x000000008a200000)
 Metaspace       used 9434K, capacity 10068K, committed 10240K, reserved 1058816K
  class space    used 966K, capacity 976K, committed 1024K, reserved 1048576K
Event: 11.487 GC heap after
Heap after GC invocations=79 (full 70):
 PSYoungGen      total 19968K, used 10155K [0x00000000d8580000, 0x00000000da200000, 0x0000000100000000)
  eden space 16896K, 60% used [0x00000000d8580000,0x00000000d8f6ac38,0x00000000d9600000)
  from space 3072K, 0% used [0x00000000d9c00000,0x00000000d9c00000,0x00000000d9f00000)
  to   space 2560K, 0% used [0x00000000d9f80000,0x00000000d9f80000,0x00000000da200000)
 ParOldGen       total 18432K, used 18250K [0x0000000089000000, 0x000000008a200000, 0x00000000d8580000)
  object space 18432K, 99% used [0x0000000089000000,0x000000008a1d2bb0,0x000000008a200000)
 Metaspace       used 9434K, capacity 10068K, committed 10240K, reserved 1058816K
  class space    used 966K, capacity 976K, committed 1024K, reserved 1048576K
}
Event: 11.731 GC heap before
{Heap before GC invocations=80 (full 71):
 PSYoungGen      total 19968K, used 16896K [0x00000000d8580000, 0x00000000da200000, 0x0000000100000000)
  eden space 16896K, 100% used [0x00000000d8580000,0x00000000d9600000,0x00000000d9600000)
  from space 3072K, 0% used [0x00000000d9c00000,0x00000000d9c00000,0x00000000d9f00000)
  to   space 2560K, 0% used [0x00000000d9f80000,0x00000000d9f80000,0x00000000da200000)
 ParOldGen       total 18432K, used 18250K [0x0000000089000000, 0x000000008a200000, 0x00000000d8580000)
  object space 18432K, 99% used [0x0000000089000000,0x000000008a1d2bb0,0x000000008a200000)
 Metaspace       used 9584K, capacity 10196K, committed 10496K, reserved 1058816K
  class space    used 967K, capacity 976K, committed 1024K, reserved 1048576K
Event: 11.861 GC heap after
Heap after GC invocations=80 (full 71):
 PSYoungGen      total 19968K, used 10814K [0x00000000d8580000, 0x00000000da200000, 0x0000000100000000)
  eden space 16896K, 64% used [0x00000000d8580000,0x00000000d900fab8,0x00000000d9600000)
  from space 3072K, 0% used [0x00000000d9c00000,0x00000000d9c00000,0x00000000d9f00000)
  to   space 2560K, 0% used [0x00000000d9f80000,0x00000000d9f80000,0x00000000da200000)
 ParOldGen       total 18432K, used 18057K [0x0000000089000000, 0x000000008a200000, 0x00000000d8580000)
  object space 18432K, 97% used [0x0000000089000000,0x000000008a1a2650,0x000000008a200000)
 Metaspace       used 9584K, capacity 10196K, committed 10496K, reserved 1058816K
  class space    used 967K, capacity 976K, committed 1024K, reserved 1048576K
}
Event: 12.010 GC heap before
{Heap before GC invocations=81 (full 72):
 PSYoungGen      total 19968K, used 16896K [0x00000000d8580000, 0x00000000da200000, 0x0000000100000000)
  eden space 16896K, 100% used [0x00000000d8580000,0x00000000d9600000,0x00000000d9600000)
  from space 3072K, 0% used [0x00000000d9c00000,0x00000000d9c00000,0x00000000d9f00000)
  to   space 2560K, 0% used [0x00000000d9f80000,0x00000000d9f80000,0x00000000da200000)
 ParOldGen       total 18432K, used 18057K [0x0000000089000000, 0x000000008a200000, 0x00000000d8580000)
  object space 18432K, 97% used [0x0000000089000000,0x000000008a1a2650,0x000000008a200000)
 Metaspace       used 9633K, capacity 10196K, committed 10496K, reserved 1058816K
  class space    used 967K, capacity 976K, committed 1024K, reserved 1048576K

